ARM GAS  /tmp/cc7drlZS.s 			page 1


   1              		.cpu cortex-m4
   2              		.arch armv7e-m
   3              		.fpu fpv4-sp-d16
   4              		.eabi_attribute 27, 1
   5              		.eabi_attribute 28, 1
   6              		.eabi_attribute 20, 1
   7              		.eabi_attribute 21, 1
   8              		.eabi_attribute 23, 3
   9              		.eabi_attribute 24, 1
  10              		.eabi_attribute 25, 1
  11              		.eabi_attribute 26, 1
  12              		.eabi_attribute 30, 1
  13              		.eabi_attribute 34, 1
  14              		.eabi_attribute 18, 4
  15              		.file	"SR04.c"
  16              		.text
  17              	.Ltext0:
  18              		.cfi_sections	.debug_frame
  19              		.file 1 "Src/SR04.c"
  20              		.section	.text.SR04_Init,"ax",%progbits
  21              		.align	1
  22              		.global	SR04_Init
  23              		.syntax unified
  24              		.thumb
  25              		.thumb_func
  27              	SR04_Init:
  28              	.LFB134:
   1:Src/SR04.c    **** #include "SR04.h"
   2:Src/SR04.c    **** #include "stm32f4xx_hal.h"
   3:Src/SR04.c    **** #include "tim.h"
   4:Src/SR04.c    **** 
   5:Src/SR04.c    **** void SR04_Init(void) {
  29              		.loc 1 5 22 view -0
  30              		.cfi_startproc
  31              		@ args = 0, pretend = 0, frame = 24
  32              		@ frame_needed = 0, uses_anonymous_args = 0
  33 0000 10B5     		push	{r4, lr}
  34              	.LCFI0:
  35              		.cfi_def_cfa_offset 8
  36              		.cfi_offset 4, -8
  37              		.cfi_offset 14, -4
  38 0002 86B0     		sub	sp, sp, #24
  39              	.LCFI1:
  40              		.cfi_def_cfa_offset 32
   6:Src/SR04.c    ****     // Configurer la broche Trigger en sortie
   7:Src/SR04.c    ****     GPIO_InitTypeDef GPIO_InitStruct = {0};
  41              		.loc 1 7 5 view .LVU1
  42              		.loc 1 7 22 is_stmt 0 view .LVU2
  43 0004 0024     		movs	r4, #0
  44 0006 0194     		str	r4, [sp, #4]
  45 0008 0294     		str	r4, [sp, #8]
  46 000a 0394     		str	r4, [sp, #12]
  47 000c 0494     		str	r4, [sp, #16]
  48 000e 0594     		str	r4, [sp, #20]
   8:Src/SR04.c    ****     GPIO_InitStruct.Pin = SR04_TRIGGER_PIN;
  49              		.loc 1 8 5 is_stmt 1 view .LVU3
  50              		.loc 1 8 25 is_stmt 0 view .LVU4
ARM GAS  /tmp/cc7drlZS.s 			page 2


  51 0010 4FF40073 		mov	r3, #512
  52 0014 0193     		str	r3, [sp, #4]
   9:Src/SR04.c    ****     GPIO_InitStruct.Mode = GPIO_MODE_OUTPUT_PP;
  53              		.loc 1 9 5 is_stmt 1 view .LVU5
  54              		.loc 1 9 26 is_stmt 0 view .LVU6
  55 0016 0123     		movs	r3, #1
  56 0018 0293     		str	r3, [sp, #8]
  10:Src/SR04.c    ****     GPIO_InitStruct.Pull = GPIO_NOPULL;
  57              		.loc 1 10 5 is_stmt 1 view .LVU7
  11:Src/SR04.c    ****     GPIO_InitStruct.Speed = GPIO_SPEED_FREQ_LOW;
  58              		.loc 1 11 5 view .LVU8
  12:Src/SR04.c    ****     HAL_GPIO_Init(SR04_TRIGGER_PORT, &GPIO_InitStruct);
  59              		.loc 1 12 5 view .LVU9
  60 001a 01A9     		add	r1, sp, #4
  61 001c 0648     		ldr	r0, .L3
  62 001e FFF7FEFF 		bl	HAL_GPIO_Init
  63              	.LVL0:
  13:Src/SR04.c    **** 
  14:Src/SR04.c    ****     // Configurer la broche Echo en entrée
  15:Src/SR04.c    ****     GPIO_InitStruct.Pin = SR04_ECHO_PIN;
  64              		.loc 1 15 5 view .LVU10
  65              		.loc 1 15 25 is_stmt 0 view .LVU11
  66 0022 4FF48053 		mov	r3, #4096
  67 0026 0193     		str	r3, [sp, #4]
  16:Src/SR04.c    ****     GPIO_InitStruct.Mode = GPIO_MODE_INPUT;
  68              		.loc 1 16 5 is_stmt 1 view .LVU12
  69              		.loc 1 16 26 is_stmt 0 view .LVU13
  70 0028 0294     		str	r4, [sp, #8]
  17:Src/SR04.c    ****     GPIO_InitStruct.Pull = GPIO_NOPULL;
  71              		.loc 1 17 5 is_stmt 1 view .LVU14
  72              		.loc 1 17 26 is_stmt 0 view .LVU15
  73 002a 0394     		str	r4, [sp, #12]
  18:Src/SR04.c    ****     HAL_GPIO_Init(SR04_ECHO_PORT, &GPIO_InitStruct);
  74              		.loc 1 18 5 is_stmt 1 view .LVU16
  75 002c 01A9     		add	r1, sp, #4
  76 002e 0348     		ldr	r0, .L3+4
  77 0030 FFF7FEFF 		bl	HAL_GPIO_Init
  78              	.LVL1:
  19:Src/SR04.c    **** }
  79              		.loc 1 19 1 is_stmt 0 view .LVU17
  80 0034 06B0     		add	sp, sp, #24
  81              	.LCFI2:
  82              		.cfi_def_cfa_offset 8
  83              		@ sp needed
  84 0036 10BD     		pop	{r4, pc}
  85              	.L4:
  86              		.align	2
  87              	.L3:
  88 0038 00100240 		.word	1073876992
  89 003c 000C0240 		.word	1073875968
  90              		.cfi_endproc
  91              	.LFE134:
  93              		.global	__aeabi_ui2d
  94              		.global	__aeabi_dmul
  95              		.global	__aeabi_d2uiz
  96              		.section	.text.SR04_GetDistance,"ax",%progbits
  97              		.align	1
ARM GAS  /tmp/cc7drlZS.s 			page 3


  98              		.global	SR04_GetDistance
  99              		.syntax unified
 100              		.thumb
 101              		.thumb_func
 103              	SR04_GetDistance:
 104              	.LFB135:
  20:Src/SR04.c    **** 
  21:Src/SR04.c    **** uint32_t SR04_GetDistance(void) {
 105              		.loc 1 21 33 is_stmt 1 view -0
 106              		.cfi_startproc
 107              		@ args = 0, pretend = 0, frame = 0
 108              		@ frame_needed = 0, uses_anonymous_args = 0
 109 0000 10B5     		push	{r4, lr}
 110              	.LCFI3:
 111              		.cfi_def_cfa_offset 8
 112              		.cfi_offset 4, -8
 113              		.cfi_offset 14, -4
  22:Src/SR04.c    ****     uint32_t start_time = 0, stop_time = 0;
 114              		.loc 1 22 5 view .LVU19
 115              	.LVL2:
  23:Src/SR04.c    **** 
  24:Src/SR04.c    ****     // Envoyer un signal Trigger (10 µs HIGH)
  25:Src/SR04.c    ****     HAL_GPIO_WritePin(SR04_TRIGGER_PORT, SR04_TRIGGER_PIN, GPIO_PIN_SET);
 116              		.loc 1 25 5 view .LVU20
 117 0002 1B4C     		ldr	r4, .L9+8
 118 0004 0122     		movs	r2, #1
 119 0006 4FF40071 		mov	r1, #512
 120 000a 2046     		mov	r0, r4
 121 000c FFF7FEFF 		bl	HAL_GPIO_WritePin
 122              	.LVL3:
  26:Src/SR04.c    ****     HAL_Delay(0.01); // 10 µs
 123              		.loc 1 26 5 view .LVU21
 124 0010 0020     		movs	r0, #0
 125 0012 FFF7FEFF 		bl	HAL_Delay
 126              	.LVL4:
  27:Src/SR04.c    ****     HAL_GPIO_WritePin(SR04_TRIGGER_PORT, SR04_TRIGGER_PIN, GPIO_PIN_RESET);
 127              		.loc 1 27 5 view .LVU22
 128 0016 0022     		movs	r2, #0
 129 0018 4FF40071 		mov	r1, #512
 130 001c 2046     		mov	r0, r4
 131 001e FFF7FEFF 		bl	HAL_GPIO_WritePin
 132              	.LVL5:
  28:Src/SR04.c    **** 
  29:Src/SR04.c    ****     // Attendre que le signal Echo passe à HIGH
  30:Src/SR04.c    ****     while (HAL_GPIO_ReadPin(SR04_ECHO_PORT, SR04_ECHO_PIN) == GPIO_PIN_RESET);
 133              		.loc 1 30 5 view .LVU23
 134              	.L6:
 135              		.loc 1 30 60 discriminator 1 view .LVU24
 136              		.loc 1 30 12 is_stmt 0 discriminator 1 view .LVU25
 137 0022 4FF48051 		mov	r1, #4096
 138 0026 1348     		ldr	r0, .L9+12
 139 0028 FFF7FEFF 		bl	HAL_GPIO_ReadPin
 140              	.LVL6:
 141              		.loc 1 30 60 discriminator 1 view .LVU26
 142 002c 0028     		cmp	r0, #0
 143 002e F8D0     		beq	.L6
  31:Src/SR04.c    **** 
ARM GAS  /tmp/cc7drlZS.s 			page 4


  32:Src/SR04.c    ****     // Démarrer le timer
  33:Src/SR04.c    ****     start_time = __HAL_TIM_GET_COUNTER(&htim3);
 144              		.loc 1 33 5 is_stmt 1 view .LVU27
 145              		.loc 1 33 18 is_stmt 0 view .LVU28
 146 0030 114B     		ldr	r3, .L9+16
 147 0032 1B68     		ldr	r3, [r3]
 148              		.loc 1 33 16 view .LVU29
 149 0034 5C6A     		ldr	r4, [r3, #36]
 150              	.LVL7:
  34:Src/SR04.c    **** 
  35:Src/SR04.c    ****     // Attendre que le signal Echo passe à LOW
  36:Src/SR04.c    ****     while (HAL_GPIO_ReadPin(SR04_ECHO_PORT, SR04_ECHO_PIN) == GPIO_PIN_SET);
 151              		.loc 1 36 5 is_stmt 1 view .LVU30
 152              	.L7:
 153              		.loc 1 36 60 discriminator 1 view .LVU31
 154              		.loc 1 36 12 is_stmt 0 discriminator 1 view .LVU32
 155 0036 4FF48051 		mov	r1, #4096
 156 003a 0E48     		ldr	r0, .L9+12
 157 003c FFF7FEFF 		bl	HAL_GPIO_ReadPin
 158              	.LVL8:
 159              		.loc 1 36 60 discriminator 1 view .LVU33
 160 0040 0128     		cmp	r0, #1
 161 0042 F8D0     		beq	.L7
  37:Src/SR04.c    **** 
  38:Src/SR04.c    ****     // Arrêter le timer
  39:Src/SR04.c    ****     stop_time = __HAL_TIM_GET_COUNTER(&htim3);
 162              		.loc 1 39 5 is_stmt 1 view .LVU34
 163              		.loc 1 39 17 is_stmt 0 view .LVU35
 164 0044 0C4B     		ldr	r3, .L9+16
 165 0046 1B68     		ldr	r3, [r3]
 166              		.loc 1 39 15 view .LVU36
 167 0048 586A     		ldr	r0, [r3, #36]
 168              	.LVL9:
  40:Src/SR04.c    **** 
  41:Src/SR04.c    ****     // Calculer la durée du signal Echo
  42:Src/SR04.c    ****     uint32_t time_elapsed = stop_time - start_time;
 169              		.loc 1 42 5 is_stmt 1 view .LVU37
  43:Src/SR04.c    **** 
  44:Src/SR04.c    ****     // Convertir la durée en distance (vitesse du son = 343 m/s)
  45:Src/SR04.c    ****     uint32_t distance = (time_elapsed * 0.0343) / 2; // en cm
 170              		.loc 1 45 5 view .LVU38
 171              		.loc 1 45 39 is_stmt 0 view .LVU39
 172 004a 001B     		subs	r0, r0, r4
 173              	.LVL10:
 174              		.loc 1 45 39 view .LVU40
 175 004c FFF7FEFF 		bl	__aeabi_ui2d
 176              	.LVL11:
 177              		.loc 1 45 39 view .LVU41
 178 0050 05A3     		adr	r3, .L9
 179 0052 D3E90023 		ldrd	r2, [r3]
 180 0056 FFF7FEFF 		bl	__aeabi_dmul
 181              	.LVL12:
 182              		.loc 1 45 49 view .LVU42
 183 005a 0022     		movs	r2, #0
 184 005c 074B     		ldr	r3, .L9+20
 185 005e FFF7FEFF 		bl	__aeabi_dmul
 186              	.LVL13:
ARM GAS  /tmp/cc7drlZS.s 			page 5


 187              		.loc 1 45 14 view .LVU43
 188 0062 FFF7FEFF 		bl	__aeabi_d2uiz
 189              	.LVL14:
  46:Src/SR04.c    **** 
  47:Src/SR04.c    ****     return distance;
 190              		.loc 1 47 5 is_stmt 1 view .LVU44
  48:Src/SR04.c    **** }...
 191              		.loc 1 48 1 is_stmt 0 view .LVU45
 192 0066 10BD     		pop	{r4, pc}
 193              	.LVL15:
 194              	.L10:
 195              		.loc 1 48 1 view .LVU46
 196              		.align	3
 197              	.L9:
 198 0068 006F8104 		.word	75591424
 199 006c C58FA13F 		.word	1067552709
 200 0070 00100240 		.word	1073876992
 201 0074 000C0240 		.word	1073875968
 202 0078 00000000 		.word	htim3
 203 007c 0000E03F 		.word	1071644672
 204              		.cfi_endproc
 205              	.LFE135:
 207              		.text
 208              	.Letext0:
 209              		.file 2 "/usr/lib/gcc/arm-none-eabi/13.2.1/include/stdint.h"
 210              		.file 3 "Drivers/CMSIS/Device/ST/STM32F4xx/Include/stm32f407xx.h"
 211              		.file 4 "Drivers/STM32F4xx_HAL_Driver/Inc/stm32f4xx_hal_def.h"
 212              		.file 5 "Drivers/STM32F4xx_HAL_Driver/Inc/stm32f4xx_hal_gpio.h"
 213              		.file 6 "Drivers/STM32F4xx_HAL_Driver/Inc/stm32f4xx_hal_dma.h"
 214              		.file 7 "Drivers/STM32F4xx_HAL_Driver/Inc/stm32f4xx_hal_tim.h"
 215              		.file 8 "Drivers/STM32F4xx_HAL_Driver/Inc/stm32f4xx_hal.h"
 216              		.file 9 "Inc/tim.h"
ARM GAS  /tmp/cc7drlZS.s 			page 6


DEFINED SYMBOLS
                            *ABS*:00000000 SR04.c
     /tmp/cc7drlZS.s:21     .text.SR04_Init:00000000 $t
     /tmp/cc7drlZS.s:27     .text.SR04_Init:00000000 SR04_Init
     /tmp/cc7drlZS.s:88     .text.SR04_Init:00000038 $d
     /tmp/cc7drlZS.s:97     .text.SR04_GetDistance:00000000 $t
     /tmp/cc7drlZS.s:103    .text.SR04_GetDistance:00000000 SR04_GetDistance
     /tmp/cc7drlZS.s:198    .text.SR04_GetDistance:00000068 $d

UNDEFINED SYMBOLS
HAL_GPIO_Init
__aeabi_ui2d
__aeabi_dmul
__aeabi_d2uiz
HAL_GPIO_WritePin
HAL_Delay
HAL_GPIO_ReadPin
htim3
